{"C:\\Users\\jeetg\\Desktop\\CODING\\WebDev\\Big Project\\Incubyte-Task\\backend\\src\\app.ts": {"path":"C:\\Users\\jeetg\\Desktop\\CODING\\WebDev\\Big Project\\Incubyte-Task\\backend\\src\\app.ts","statementMap":{"0":{"start":{"line":1,"column":0},"end":{"line":1,"column":30}},"1":{"start":{"line":2,"column":0},"end":{"line":2,"column":24}},"2":{"start":{"line":3,"column":0},"end":{"line":3,"column":28}},"3":{"start":{"line":4,"column":0},"end":{"line":4,"column":28}},"4":{"start":{"line":5,"column":0},"end":{"line":5,"column":30}},"5":{"start":{"line":6,"column":0},"end":{"line":6,"column":61}},"6":{"start":{"line":8,"column":12},"end":{"line":8,"column":21}},"7":{"start":{"line":10,"column":0},"end":{"line":10,"column":16}},"8":{"start":{"line":11,"column":0},"end":{"line":11,"column":18}},"9":{"start":{"line":12,"column":0},"end":{"line":12,"column":23}},"10":{"start":{"line":13,"column":0},"end":{"line":13,"column":24}},"11":{"start":{"line":15,"column":0},"end":{"line":20,"column":3}},"12":{"start":{"line":16,"column":2},"end":{"line":19,"column":5}},"13":{"start":{"line":22,"column":0},"end":{"line":22,"column":27}},"14":{"start":{"line":24,"column":0},"end":{"line":24,"column":22}},"15":{"start":{"line":26,"column":0},"end":{"line":26,"column":19}}},"fnMap":{"0":{"name":"(anonymous_1)","decl":{"start":{"line":15,"column":19},"end":{"line":15,"column":20}},"loc":{"start":{"line":15,"column":30},"end":{"line":20,"column":1}}}},"branchMap":{},"s":{"0":10,"1":10,"2":10,"3":10,"4":10,"5":10,"6":10,"7":10,"8":10,"9":10,"10":10,"11":10,"12":0,"13":10,"14":10,"15":10},"f":{"0":0},"b":{}}
,"C:\\Users\\jeetg\\Desktop\\CODING\\WebDev\\Big Project\\Incubyte-Task\\backend\\src\\prisma.ts": {"path":"C:\\Users\\jeetg\\Desktop\\CODING\\WebDev\\Big Project\\Incubyte-Task\\backend\\src\\prisma.ts","statementMap":{"0":{"start":{"line":1,"column":0},"end":{"line":1,"column":46}},"1":{"start":{"line":2,"column":0},"end":{"line":2,"column":46}},"2":{"start":{"line":3,"column":0},"end":{"line":3,"column":26}},"3":{"start":{"line":4,"column":0},"end":{"line":4,"column":28}},"4":{"start":{"line":6,"column":0},"end":{"line":6,"column":16}},"5":{"start":{"line":8,"column":25},"end":{"line":8,"column":49}},"6":{"start":{"line":10,"column":13},"end":{"line":12,"column":2}},"7":{"start":{"line":14,"column":16},"end":{"line":14,"column":34}},"8":{"start":{"line":16,"column":15},"end":{"line":18,"column":2}},"9":{"start":{"line":20,"column":0},"end":{"line":20,"column":22}}},"fnMap":{},"branchMap":{},"s":{"0":10,"1":10,"2":10,"3":10,"4":10,"5":10,"6":10,"7":10,"8":10,"9":10},"f":{},"b":{}}
,"C:\\Users\\jeetg\\Desktop\\CODING\\WebDev\\Big Project\\Incubyte-Task\\backend\\src\\controllers\\auth.controller.ts": {"path":"C:\\Users\\jeetg\\Desktop\\CODING\\WebDev\\Big Project\\Incubyte-Task\\backend\\src\\controllers\\auth.controller.ts","statementMap":{"0":{"start":{"line":2,"column":0},"end":{"line":2,"column":75}},"1":{"start":{"line":3,"column":0},"end":{"line":3,"column":55}},"2":{"start":{"line":5,"column":20},"end":{"line":5,"column":37}},"3":{"start":{"line":7,"column":24},"end":{"line":28,"column":2}},"4":{"start":{"line":11,"column":4},"end":{"line":28,"column":2}},"5":{"start":{"line":12,"column":2},"end":{"line":27,"column":3}},"6":{"start":{"line":13,"column":17},"end":{"line":13,"column":47}},"7":{"start":{"line":15,"column":4},"end":{"line":19,"column":6}},"8":{"start":{"line":21,"column":4},"end":{"line":24,"column":7}},"9":{"start":{"line":26,"column":4},"end":{"line":26,"column":16}},"10":{"start":{"line":7,"column":13},"end":{"line":7,"column":24}},"11":{"start":{"line":30,"column":21},"end":{"line":48,"column":2}},"12":{"start":{"line":34,"column":4},"end":{"line":48,"column":2}},"13":{"start":{"line":35,"column":2},"end":{"line":47,"column":3}},"14":{"start":{"line":36,"column":17},"end":{"line":36,"column":44}},"15":{"start":{"line":38,"column":19},"end":{"line":38,"column":69}},"16":{"start":{"line":40,"column":4},"end":{"line":44,"column":7}},"17":{"start":{"line":46,"column":4},"end":{"line":46,"column":16}},"18":{"start":{"line":30,"column":13},"end":{"line":30,"column":21}}},"fnMap":{"0":{"name":"(anonymous_7)","decl":{"start":{"line":7,"column":24},"end":{"line":7,"column":null}},"loc":{"start":{"line":11,"column":4},"end":{"line":28,"column":2}}},"1":{"name":"(anonymous_8)","decl":{"start":{"line":11,"column":4},"end":{"line":11,"column":null}},"loc":{"start":{"line":11,"column":4},"end":{"line":28,"column":1}}},"2":{"name":"(anonymous_9)","decl":{"start":{"line":30,"column":21},"end":{"line":30,"column":null}},"loc":{"start":{"line":34,"column":4},"end":{"line":48,"column":2}}},"3":{"name":"(anonymous_10)","decl":{"start":{"line":34,"column":4},"end":{"line":34,"column":null}},"loc":{"start":{"line":34,"column":4},"end":{"line":48,"column":1}}}},"branchMap":{},"s":{"0":10,"1":10,"2":10,"3":10,"4":10,"5":10,"6":10,"7":7,"8":6,"9":4,"10":10,"11":10,"12":4,"13":4,"14":4,"15":3,"16":1,"17":3,"18":10},"f":{"0":10,"1":10,"2":4,"3":4},"b":{}}
,"C:\\Users\\jeetg\\Desktop\\CODING\\WebDev\\Big Project\\Incubyte-Task\\backend\\src\\controllers\\purchase.controller.ts": {"path":"C:\\Users\\jeetg\\Desktop\\CODING\\WebDev\\Big Project\\Incubyte-Task\\backend\\src\\controllers\\purchase.controller.ts","statementMap":{"0":{"start":{"line":2,"column":0},"end":{"line":2,"column":63}},"1":{"start":{"line":4,"column":24},"end":{"line":4,"column":45}},"2":{"start":{"line":6,"column":32},"end":{"line":24,"column":2}},"3":{"start":{"line":10,"column":4},"end":{"line":24,"column":2}},"4":{"start":{"line":11,"column":2},"end":{"line":23,"column":3}},"5":{"start":{"line":12,"column":20},"end":{"line":12,"column":39}},"6":{"start":{"line":14,"column":22},"end":{"line":14,"column":68}},"7":{"start":{"line":16,"column":4},"end":{"line":20,"column":7}},"8":{"start":{"line":22,"column":4},"end":{"line":22,"column":16}},"9":{"start":{"line":6,"column":13},"end":{"line":6,"column":32}}},"fnMap":{"0":{"name":"(anonymous_7)","decl":{"start":{"line":6,"column":32},"end":{"line":6,"column":null}},"loc":{"start":{"line":10,"column":4},"end":{"line":24,"column":2}}},"1":{"name":"(anonymous_8)","decl":{"start":{"line":10,"column":4},"end":{"line":10,"column":null}},"loc":{"start":{"line":10,"column":4},"end":{"line":24,"column":1}}}},"branchMap":{},"s":{"0":10,"1":10,"2":10,"3":2,"4":2,"5":2,"6":2,"7":2,"8":0,"9":10},"f":{"0":2,"1":2},"b":{}}
,"C:\\Users\\jeetg\\Desktop\\CODING\\WebDev\\Big Project\\Incubyte-Task\\backend\\src\\controllers\\vehicle.controller.ts": {"path":"C:\\Users\\jeetg\\Desktop\\CODING\\WebDev\\Big Project\\Incubyte-Task\\backend\\src\\controllers\\vehicle.controller.ts","statementMap":{"0":{"start":{"line":2,"column":0},"end":{"line":2,"column":null}},"1":{"start":{"line":9,"column":0},"end":{"line":9,"column":61}},"2":{"start":{"line":11,"column":23},"end":{"line":11,"column":43}},"3":{"start":{"line":13,"column":29},"end":{"line":32,"column":2}},"4":{"start":{"line":17,"column":4},"end":{"line":32,"column":2}},"5":{"start":{"line":18,"column":2},"end":{"line":31,"column":3}},"6":{"start":{"line":19,"column":17},"end":{"line":19,"column":52}},"7":{"start":{"line":20,"column":19},"end":{"line":20,"column":31}},"8":{"start":{"line":22,"column":20},"end":{"line":22,"column":68}},"9":{"start":{"line":24,"column":4},"end":{"line":28,"column":7}},"10":{"start":{"line":30,"column":4},"end":{"line":30,"column":16}},"11":{"start":{"line":13,"column":13},"end":{"line":13,"column":29}},"12":{"start":{"line":34,"column":27},"end":{"line":50,"column":2}},"13":{"start":{"line":38,"column":4},"end":{"line":50,"column":2}},"14":{"start":{"line":39,"column":2},"end":{"line":49,"column":3}},"15":{"start":{"line":40,"column":21},"end":{"line":40,"column":55}},"16":{"start":{"line":42,"column":4},"end":{"line":46,"column":7}},"17":{"start":{"line":48,"column":4},"end":{"line":48,"column":16}},"18":{"start":{"line":34,"column":13},"end":{"line":34,"column":27}},"19":{"start":{"line":52,"column":30},"end":{"line":70,"column":2}},"20":{"start":{"line":56,"column":4},"end":{"line":70,"column":2}},"21":{"start":{"line":57,"column":2},"end":{"line":69,"column":3}},"22":{"start":{"line":58,"column":15},"end":{"line":58,"column":38}},"23":{"start":{"line":60,"column":20},"end":{"line":60,"column":59}},"24":{"start":{"line":62,"column":4},"end":{"line":66,"column":7}},"25":{"start":{"line":68,"column":4},"end":{"line":68,"column":16}},"26":{"start":{"line":52,"column":13},"end":{"line":52,"column":30}},"27":{"start":{"line":72,"column":30},"end":{"line":90,"column":2}},"28":{"start":{"line":76,"column":4},"end":{"line":90,"column":2}},"29":{"start":{"line":77,"column":2},"end":{"line":89,"column":3}},"30":{"start":{"line":78,"column":18},"end":{"line":78,"column":54}},"31":{"start":{"line":80,"column":21},"end":{"line":80,"column":63}},"32":{"start":{"line":82,"column":4},"end":{"line":86,"column":7}},"33":{"start":{"line":88,"column":4},"end":{"line":88,"column":16}},"34":{"start":{"line":72,"column":13},"end":{"line":72,"column":30}},"35":{"start":{"line":92,"column":29},"end":{"line":111,"column":2}},"36":{"start":{"line":96,"column":4},"end":{"line":111,"column":2}},"37":{"start":{"line":97,"column":2},"end":{"line":110,"column":3}},"38":{"start":{"line":98,"column":15},"end":{"line":98,"column":38}},"39":{"start":{"line":99,"column":17},"end":{"line":99,"column":52}},"40":{"start":{"line":101,"column":20},"end":{"line":101,"column":74}},"41":{"start":{"line":103,"column":4},"end":{"line":107,"column":7}},"42":{"start":{"line":109,"column":4},"end":{"line":109,"column":16}},"43":{"start":{"line":92,"column":13},"end":{"line":92,"column":29}},"44":{"start":{"line":113,"column":29},"end":{"line":130,"column":2}},"45":{"start":{"line":117,"column":4},"end":{"line":130,"column":2}},"46":{"start":{"line":118,"column":2},"end":{"line":129,"column":3}},"47":{"start":{"line":119,"column":15},"end":{"line":119,"column":38}},"48":{"start":{"line":121,"column":4},"end":{"line":121,"column":43}},"49":{"start":{"line":123,"column":4},"end":{"line":126,"column":7}},"50":{"start":{"line":128,"column":4},"end":{"line":128,"column":16}},"51":{"start":{"line":113,"column":13},"end":{"line":113,"column":29}},"52":{"start":{"line":132,"column":31},"end":{"line":152,"column":2}},"53":{"start":{"line":136,"column":4},"end":{"line":152,"column":2}},"54":{"start":{"line":137,"column":2},"end":{"line":151,"column":3}},"55":{"start":{"line":138,"column":15},"end":{"line":138,"column":38}},"56":{"start":{"line":139,"column":20},"end":{"line":139,"column":39}},"57":{"start":{"line":140,"column":25},"end":{"line":140,"column":62}},"58":{"start":{"line":142,"column":19},"end":{"line":142,"column":77}},"59":{"start":{"line":144,"column":4},"end":{"line":148,"column":7}},"60":{"start":{"line":150,"column":4},"end":{"line":150,"column":16}},"61":{"start":{"line":132,"column":13},"end":{"line":132,"column":31}},"62":{"start":{"line":154,"column":30},"end":{"line":173,"column":2}},"63":{"start":{"line":158,"column":4},"end":{"line":173,"column":2}},"64":{"start":{"line":159,"column":2},"end":{"line":172,"column":3}},"65":{"start":{"line":160,"column":15},"end":{"line":160,"column":38}},"66":{"start":{"line":161,"column":25},"end":{"line":161,"column":61}},"67":{"start":{"line":163,"column":20},"end":{"line":163,"column":69}},"68":{"start":{"line":165,"column":4},"end":{"line":169,"column":7}},"69":{"start":{"line":171,"column":4},"end":{"line":171,"column":16}},"70":{"start":{"line":154,"column":13},"end":{"line":154,"column":30}}},"fnMap":{"0":{"name":"(anonymous_7)","decl":{"start":{"line":13,"column":29},"end":{"line":13,"column":null}},"loc":{"start":{"line":17,"column":4},"end":{"line":32,"column":2}}},"1":{"name":"(anonymous_8)","decl":{"start":{"line":17,"column":4},"end":{"line":17,"column":null}},"loc":{"start":{"line":17,"column":4},"end":{"line":32,"column":1}}},"2":{"name":"(anonymous_9)","decl":{"start":{"line":34,"column":27},"end":{"line":34,"column":null}},"loc":{"start":{"line":38,"column":4},"end":{"line":50,"column":2}}},"3":{"name":"(anonymous_10)","decl":{"start":{"line":38,"column":4},"end":{"line":38,"column":null}},"loc":{"start":{"line":38,"column":4},"end":{"line":50,"column":1}}},"4":{"name":"(anonymous_11)","decl":{"start":{"line":52,"column":30},"end":{"line":52,"column":null}},"loc":{"start":{"line":56,"column":4},"end":{"line":70,"column":2}}},"5":{"name":"(anonymous_12)","decl":{"start":{"line":56,"column":4},"end":{"line":56,"column":null}},"loc":{"start":{"line":56,"column":4},"end":{"line":70,"column":1}}},"6":{"name":"(anonymous_13)","decl":{"start":{"line":72,"column":30},"end":{"line":72,"column":null}},"loc":{"start":{"line":76,"column":4},"end":{"line":90,"column":2}}},"7":{"name":"(anonymous_14)","decl":{"start":{"line":76,"column":4},"end":{"line":76,"column":null}},"loc":{"start":{"line":76,"column":4},"end":{"line":90,"column":1}}},"8":{"name":"(anonymous_15)","decl":{"start":{"line":92,"column":29},"end":{"line":92,"column":null}},"loc":{"start":{"line":96,"column":4},"end":{"line":111,"column":2}}},"9":{"name":"(anonymous_16)","decl":{"start":{"line":96,"column":4},"end":{"line":96,"column":null}},"loc":{"start":{"line":96,"column":4},"end":{"line":111,"column":1}}},"10":{"name":"(anonymous_17)","decl":{"start":{"line":113,"column":29},"end":{"line":113,"column":null}},"loc":{"start":{"line":117,"column":4},"end":{"line":130,"column":2}}},"11":{"name":"(anonymous_18)","decl":{"start":{"line":117,"column":4},"end":{"line":117,"column":null}},"loc":{"start":{"line":117,"column":4},"end":{"line":130,"column":1}}},"12":{"name":"(anonymous_19)","decl":{"start":{"line":132,"column":31},"end":{"line":132,"column":null}},"loc":{"start":{"line":136,"column":4},"end":{"line":152,"column":2}}},"13":{"name":"(anonymous_20)","decl":{"start":{"line":136,"column":4},"end":{"line":136,"column":null}},"loc":{"start":{"line":136,"column":4},"end":{"line":152,"column":1}}},"14":{"name":"(anonymous_21)","decl":{"start":{"line":154,"column":30},"end":{"line":154,"column":null}},"loc":{"start":{"line":158,"column":4},"end":{"line":173,"column":2}}},"15":{"name":"(anonymous_22)","decl":{"start":{"line":158,"column":4},"end":{"line":158,"column":null}},"loc":{"start":{"line":158,"column":4},"end":{"line":173,"column":1}}}},"branchMap":{"0":{"loc":{"start":{"line":20,"column":19},"end":{"line":20,"column":31}},"type":"cond-expr","locations":[{"start":{"line":20,"column":27},"end":{"line":20,"column":29}},{"start":{"line":20,"column":27},"end":{"line":20,"column":31}}]},"1":{"loc":{"start":{"line":20,"column":19},"end":{"line":20,"column":29}},"type":"binary-expr","locations":[{"start":{"line":20,"column":19},"end":{"line":20,"column":29}},{"start":{"line":20,"column":27},"end":{"line":20,"column":29}}]}},"s":{"0":10,"1":10,"2":10,"3":10,"4":4,"5":4,"6":4,"7":3,"8":3,"9":2,"10":2,"11":10,"12":10,"13":2,"14":2,"15":2,"16":2,"17":0,"18":10,"19":10,"20":2,"21":2,"22":2,"23":2,"24":1,"25":1,"26":10,"27":10,"28":5,"29":5,"30":5,"31":5,"32":5,"33":0,"34":10,"35":10,"36":5,"37":5,"38":5,"39":5,"40":4,"41":2,"42":3,"43":10,"44":10,"45":2,"46":2,"47":2,"48":2,"49":1,"50":1,"51":10,"52":10,"53":3,"54":3,"55":3,"56":3,"57":3,"58":3,"59":1,"60":2,"61":10,"62":10,"63":2,"64":2,"65":2,"66":2,"67":1,"68":1,"69":1,"70":10},"f":{"0":4,"1":4,"2":2,"3":2,"4":2,"5":2,"6":5,"7":5,"8":5,"9":5,"10":2,"11":2,"12":3,"13":3,"14":2,"15":2},"b":{"0":[0,3],"1":[3,3]}}
,"C:\\Users\\jeetg\\Desktop\\CODING\\WebDev\\Big Project\\Incubyte-Task\\backend\\src\\middleware\\auth.middleware.ts": {"path":"C:\\Users\\jeetg\\Desktop\\CODING\\WebDev\\Big Project\\Incubyte-Task\\backend\\src\\middleware\\auth.middleware.ts","statementMap":{"0":{"start":{"line":2,"column":0},"end":{"line":2,"column":31}},"1":{"start":{"line":3,"column":0},"end":{"line":3,"column":31}},"2":{"start":{"line":4,"column":0},"end":{"line":4,"column":45}},"3":{"start":{"line":20,"column":28},"end":{"line":53,"column":2}},"4":{"start":{"line":24,"column":4},"end":{"line":53,"column":2}},"5":{"start":{"line":25,"column":21},"end":{"line":25,"column":46}},"6":{"start":{"line":27,"column":2},"end":{"line":31,"column":3}},"7":{"start":{"line":28,"column":4},"end":{"line":30,"column":6}},"8":{"start":{"line":33,"column":16},"end":{"line":33,"column":40}},"9":{"start":{"line":35,"column":2},"end":{"line":52,"column":3}},"10":{"start":{"line":36,"column":19},"end":{"line":36,"column":61}},"11":{"start":{"line":37,"column":20},"end":{"line":37,"column":102}},"12":{"start":{"line":39,"column":17},"end":{"line":42,"column":6}},"13":{"start":{"line":44,"column":4},"end":{"line":46,"column":5}},"14":{"start":{"line":45,"column":6},"end":{"line":45,"column":62}},"15":{"start":{"line":48,"column":4},"end":{"line":48,"column":20}},"16":{"start":{"line":49,"column":4},"end":{"line":49,"column":11}},"17":{"start":{"line":51,"column":4},"end":{"line":51,"column":63}},"18":{"start":{"line":20,"column":13},"end":{"line":20,"column":28}},"19":{"start":{"line":55,"column":29},"end":{"line":67,"column":1}},"20":{"start":{"line":56,"column":2},"end":{"line":66,"column":4}},"21":{"start":{"line":57,"column":4},"end":{"line":59,"column":5}},"22":{"start":{"line":58,"column":6},"end":{"line":58,"column":64}},"23":{"start":{"line":61,"column":4},"end":{"line":63,"column":5}},"24":{"start":{"line":62,"column":6},"end":{"line":62,"column":76}},"25":{"start":{"line":65,"column":4},"end":{"line":65,"column":11}},"26":{"start":{"line":55,"column":13},"end":{"line":55,"column":29}}},"fnMap":{"0":{"name":"(anonymous_8)","decl":{"start":{"line":20,"column":28},"end":{"line":20,"column":null}},"loc":{"start":{"line":24,"column":4},"end":{"line":53,"column":2}}},"1":{"name":"(anonymous_9)","decl":{"start":{"line":24,"column":4},"end":{"line":24,"column":null}},"loc":{"start":{"line":24,"column":4},"end":{"line":53,"column":1}}},"2":{"name":"(anonymous_10)","decl":{"start":{"line":55,"column":29},"end":{"line":55,"column":30}},"loc":{"start":{"line":55,"column":64},"end":{"line":67,"column":1}}},"3":{"name":"(anonymous_11)","decl":{"start":{"line":56,"column":9},"end":{"line":56,"column":10}},"loc":{"start":{"line":56,"column":61},"end":{"line":66,"column":3}}}},"branchMap":{"0":{"loc":{"start":{"line":27,"column":2},"end":{"line":31,"column":3}},"type":"if","locations":[{"start":{"line":27,"column":2},"end":{"line":31,"column":3}},{"start":{},"end":{}}]},"1":{"loc":{"start":{"line":27,"column":6},"end":{"line":27,"column":54}},"type":"binary-expr","locations":[{"start":{"line":27,"column":6},"end":{"line":27,"column":17}},{"start":{"line":27,"column":21},"end":{"line":27,"column":54}}]},"2":{"loc":{"start":{"line":36,"column":19},"end":{"line":36,"column":61}},"type":"binary-expr","locations":[{"start":{"line":36,"column":19},"end":{"line":36,"column":41}},{"start":{"line":36,"column":45},"end":{"line":36,"column":61}}]},"3":{"loc":{"start":{"line":44,"column":4},"end":{"line":46,"column":5}},"type":"if","locations":[{"start":{"line":44,"column":4},"end":{"line":46,"column":5}},{"start":{},"end":{}}]},"4":{"loc":{"start":{"line":57,"column":4},"end":{"line":59,"column":5}},"type":"if","locations":[{"start":{"line":57,"column":4},"end":{"line":59,"column":5}},{"start":{},"end":{}}]},"5":{"loc":{"start":{"line":61,"column":4},"end":{"line":63,"column":5}},"type":"if","locations":[{"start":{"line":61,"column":4},"end":{"line":63,"column":5}},{"start":{},"end":{}}]}},"s":{"0":11,"1":11,"2":11,"3":11,"4":42,"5":42,"6":42,"7":9,"8":33,"9":33,"10":33,"11":33,"12":31,"13":31,"14":1,"15":30,"16":30,"17":2,"18":11,"19":11,"20":23,"21":9,"22":1,"23":8,"24":3,"25":5,"26":11},"f":{"0":42,"1":42,"2":23,"3":9},"b":{"0":[9,33],"1":[42,33],"2":[33,0],"3":[1,30],"4":[1,8],"5":[3,5]}}
,"C:\\Users\\jeetg\\Desktop\\CODING\\WebDev\\Big Project\\Incubyte-Task\\backend\\src\\middleware\\error.middleware.ts": {"path":"C:\\Users\\jeetg\\Desktop\\CODING\\WebDev\\Big Project\\Incubyte-Task\\backend\\src\\middleware\\error.middleware.ts","statementMap":{"0":{"start":{"line":2,"column":0},"end":{"line":2,"column":31}},"1":{"start":{"line":3,"column":0},"end":{"line":3,"column":45}},"2":{"start":{"line":5,"column":28},"end":{"line":34,"column":1}},"3":{"start":{"line":12,"column":2},"end":{"line":18,"column":3}},"4":{"start":{"line":13,"column":4},"end":{"line":17,"column":7}},"5":{"start":{"line":20,"column":2},"end":{"line":27,"column":3}},"6":{"start":{"line":21,"column":19},"end":{"line":21,"column":59}},"7":{"start":{"line":21,"column":45},"end":{"line":21,"column":58}},"8":{"start":{"line":22,"column":4},"end":{"line":26,"column":7}},"9":{"start":{"line":29,"column":2},"end":{"line":29,"column":41}},"10":{"start":{"line":30,"column":2},"end":{"line":33,"column":5}},"11":{"start":{"line":5,"column":13},"end":{"line":5,"column":28}}},"fnMap":{"0":{"name":"(anonymous_0)","decl":{"start":{"line":5,"column":28},"end":{"line":5,"column":null}},"loc":{"start":{"line":11,"column":4},"end":{"line":34,"column":1}}},"1":{"name":"(anonymous_1)","decl":{"start":{"line":21,"column":34},"end":{"line":21,"column":35}},"loc":{"start":{"line":21,"column":45},"end":{"line":21,"column":58}}}},"branchMap":{"0":{"loc":{"start":{"line":12,"column":2},"end":{"line":18,"column":3}},"type":"if","locations":[{"start":{"line":12,"column":2},"end":{"line":18,"column":3}},{"start":{},"end":{}}]},"1":{"loc":{"start":{"line":16,"column":14},"end":{"line":16,"column":60}},"type":"cond-expr","locations":[{"start":{"line":16,"column":38},"end":{"line":16,"column":48}},{"start":{"line":16,"column":51},"end":{"line":16,"column":60}}]},"2":{"loc":{"start":{"line":20,"column":2},"end":{"line":27,"column":3}},"type":"if","locations":[{"start":{"line":20,"column":2},"end":{"line":27,"column":3}},{"start":{},"end":{}}]},"3":{"loc":{"start":{"line":24,"column":15},"end":{"line":24,"column":46}},"type":"binary-expr","locations":[{"start":{"line":24,"column":15},"end":{"line":24,"column":24}},{"start":{"line":24,"column":28},"end":{"line":24,"column":46}}]},"4":{"loc":{"start":{"line":32,"column":13},"end":{"line":32,"column":51}},"type":"binary-expr","locations":[{"start":{"line":32,"column":13},"end":{"line":32,"column":24}},{"start":{"line":32,"column":28},"end":{"line":32,"column":51}}]}},"s":{"0":10,"1":10,"2":10,"3":27,"4":20,"5":7,"6":7,"7":11,"8":7,"9":0,"10":0,"11":10},"f":{"0":27,"1":11},"b":{"0":[20,7],"1":[0,20],"2":[7,0],"3":[7,0],"4":[0,0]}}
,"C:\\Users\\jeetg\\Desktop\\CODING\\WebDev\\Big Project\\Incubyte-Task\\backend\\src\\repositories\\purchase.repository.ts": {"path":"C:\\Users\\jeetg\\Desktop\\CODING\\WebDev\\Big Project\\Incubyte-Task\\backend\\src\\repositories\\purchase.repository.ts","statementMap":{"0":{"start":{"line":1,"column":0},"end":{"line":1,"column":31}},"1":{"start":{"line":5,"column":4},"end":{"line":13,"column":7}},"2":{"start":{"line":3,"column":0},"end":{"line":3,"column":13}}},"fnMap":{"0":{"name":"(anonymous_8)","decl":{"start":{"line":4,"column":8},"end":{"line":4,"column":20}},"loc":{"start":{"line":4,"column":35},"end":{"line":14,"column":null}}}},"branchMap":{},"s":{"0":10,"1":2,"2":10},"f":{"0":2},"b":{}}
,"C:\\Users\\jeetg\\Desktop\\CODING\\WebDev\\Big Project\\Incubyte-Task\\backend\\src\\repositories\\user.repository.ts": {"path":"C:\\Users\\jeetg\\Desktop\\CODING\\WebDev\\Big Project\\Incubyte-Task\\backend\\src\\repositories\\user.repository.ts","statementMap":{"0":{"start":{"line":1,"column":0},"end":{"line":1,"column":31}},"1":{"start":{"line":5,"column":4},"end":{"line":7,"column":7}},"2":{"start":{"line":15,"column":4},"end":{"line":17,"column":7}},"3":{"start":{"line":3,"column":0},"end":{"line":3,"column":13}}},"fnMap":{"0":{"name":"(anonymous_8)","decl":{"start":{"line":4,"column":8},"end":{"line":4,"column":19}},"loc":{"start":{"line":4,"column":33},"end":{"line":8,"column":null}}},"1":{"name":"(anonymous_10)","decl":{"start":{"line":10,"column":8},"end":{"line":10,"column":14}},"loc":{"start":{"line":14,"column":3},"end":{"line":18,"column":null}}}},"branchMap":{},"s":{"0":10,"1":10,"2":6,"3":10},"f":{"0":10,"1":6},"b":{}}
,"C:\\Users\\jeetg\\Desktop\\CODING\\WebDev\\Big Project\\Incubyte-Task\\backend\\src\\repositories\\vehicle.repository.ts": {"path":"C:\\Users\\jeetg\\Desktop\\CODING\\WebDev\\Big Project\\Incubyte-Task\\backend\\src\\repositories\\vehicle.repository.ts","statementMap":{"0":{"start":{"line":1,"column":0},"end":{"line":1,"column":31}},"1":{"start":{"line":5,"column":4},"end":{"line":7,"column":7}},"2":{"start":{"line":15,"column":4},"end":{"line":23,"column":7}},"3":{"start":{"line":27,"column":4},"end":{"line":31,"column":7}},"4":{"start":{"line":41,"column":23},"end":{"line":41,"column":25}},"5":{"start":{"line":43,"column":4},"end":{"line":45,"column":5}},"6":{"start":{"line":44,"column":6},"end":{"line":44,"column":65}},"7":{"start":{"line":47,"column":4},"end":{"line":49,"column":5}},"8":{"start":{"line":48,"column":6},"end":{"line":48,"column":67}},"9":{"start":{"line":51,"column":4},"end":{"line":53,"column":5}},"10":{"start":{"line":52,"column":6},"end":{"line":52,"column":75}},"11":{"start":{"line":55,"column":4},"end":{"line":63,"column":5}},"12":{"start":{"line":56,"column":6},"end":{"line":56,"column":23}},"13":{"start":{"line":57,"column":6},"end":{"line":59,"column":7}},"14":{"start":{"line":58,"column":8},"end":{"line":58,"column":41}},"15":{"start":{"line":60,"column":6},"end":{"line":62,"column":7}},"16":{"start":{"line":61,"column":8},"end":{"line":61,"column":41}},"17":{"start":{"line":65,"column":4},"end":{"line":70,"column":7}},"18":{"start":{"line":82,"column":4},"end":{"line":92,"column":7}},"19":{"start":{"line":106,"column":4},"end":{"line":109,"column":7}},"20":{"start":{"line":113,"column":4},"end":{"line":115,"column":7}},"21":{"start":{"line":119,"column":4},"end":{"line":135,"column":7}},"22":{"start":{"line":119,"column":44},"end":{"line":135,"column":6}},"23":{"start":{"line":120,"column":29},"end":{"line":123,"column":8}},"24":{"start":{"line":125,"column":23},"end":{"line":132,"column":8}},"25":{"start":{"line":134,"column":6},"end":{"line":134,"column":51}},"26":{"start":{"line":139,"column":4},"end":{"line":142,"column":7}},"27":{"start":{"line":3,"column":0},"end":{"line":3,"column":13}}},"fnMap":{"0":{"name":"(anonymous_8)","decl":{"start":{"line":4,"column":8},"end":{"line":4,"column":16}},"loc":{"start":{"line":4,"column":27},"end":{"line":8,"column":null}}},"1":{"name":"(anonymous_10)","decl":{"start":{"line":10,"column":8},"end":{"line":10,"column":31}},"loc":{"start":{"line":13,"column":22},"end":{"line":24,"column":null}}},"2":{"name":"(anonymous_12)","decl":{"start":{"line":26,"column":8},"end":{"line":26,"column":15}},"loc":{"start":{"line":26,"column":15},"end":{"line":32,"column":null}}},"3":{"name":"(anonymous_14)","decl":{"start":{"line":34,"column":8},"end":{"line":34,"column":14}},"loc":{"start":{"line":40,"column":3},"end":{"line":71,"column":null}}},"4":{"name":"(anonymous_16)","decl":{"start":{"line":73,"column":8},"end":{"line":73,"column":14}},"loc":{"start":{"line":81,"column":3},"end":{"line":93,"column":null}}},"5":{"name":"(anonymous_18)","decl":{"start":{"line":95,"column":8},"end":{"line":95,"column":14}},"loc":{"start":{"line":104,"column":5},"end":{"line":110,"column":null}}},"6":{"name":"(anonymous_20)","decl":{"start":{"line":112,"column":8},"end":{"line":112,"column":14}},"loc":{"start":{"line":112,"column":25},"end":{"line":116,"column":null}}},"7":{"name":"(anonymous_22)","decl":{"start":{"line":118,"column":8},"end":{"line":118,"column":16}},"loc":{"start":{"line":118,"column":68},"end":{"line":136,"column":null}}},"8":{"name":"(anonymous_24)","decl":{"start":{"line":119,"column":31},"end":{"line":119,"column":38}},"loc":{"start":{"line":119,"column":44},"end":{"line":135,"column":6}}},"9":{"name":"(anonymous_25)","decl":{"start":{"line":119,"column":44},"end":{"line":119,"column":null}},"loc":{"start":{"line":119,"column":44},"end":{"line":135,"column":5}}},"10":{"name":"(anonymous_26)","decl":{"start":{"line":138,"column":8},"end":{"line":138,"column":15}},"loc":{"start":{"line":138,"column":51},"end":{"line":143,"column":null}}}},"branchMap":{"0":{"loc":{"start":{"line":43,"column":4},"end":{"line":45,"column":5}},"type":"if","locations":[{"start":{"line":43,"column":4},"end":{"line":45,"column":5}},{"start":{},"end":{}}]},"1":{"loc":{"start":{"line":47,"column":4},"end":{"line":49,"column":5}},"type":"if","locations":[{"start":{"line":47,"column":4},"end":{"line":49,"column":5}},{"start":{},"end":{}}]},"2":{"loc":{"start":{"line":51,"column":4},"end":{"line":53,"column":5}},"type":"if","locations":[{"start":{"line":51,"column":4},"end":{"line":53,"column":5}},{"start":{},"end":{}}]},"3":{"loc":{"start":{"line":55,"column":4},"end":{"line":63,"column":5}},"type":"if","locations":[{"start":{"line":55,"column":4},"end":{"line":63,"column":5}},{"start":{},"end":{}}]},"4":{"loc":{"start":{"line":55,"column":8},"end":{"line":55,"column":68}},"type":"binary-expr","locations":[{"start":{"line":55,"column":8},"end":{"line":55,"column":36}},{"start":{"line":55,"column":40},"end":{"line":55,"column":68}}]},"5":{"loc":{"start":{"line":57,"column":6},"end":{"line":59,"column":7}},"type":"if","locations":[{"start":{"line":57,"column":6},"end":{"line":59,"column":7}},{"start":{},"end":{}}]},"6":{"loc":{"start":{"line":60,"column":6},"end":{"line":62,"column":7}},"type":"if","locations":[{"start":{"line":60,"column":6},"end":{"line":62,"column":7}},{"start":{},"end":{}}]}},"s":{"0":10,"1":12,"2":3,"3":2,"4":5,"5":5,"6":2,"7":5,"8":1,"9":5,"10":2,"11":5,"12":1,"13":1,"14":1,"15":1,"16":1,"17":5,"18":2,"19":2,"20":1,"21":1,"22":1,"23":1,"24":1,"25":1,"26":1,"27":10},"f":{"0":12,"1":3,"2":2,"3":5,"4":2,"5":2,"6":1,"7":1,"8":1,"9":1,"10":1},"b":{"0":[2,3],"1":[1,4],"2":[2,3],"3":[1,4],"4":[5,4],"5":[1,0],"6":[1,0]}}
,"C:\\Users\\jeetg\\Desktop\\CODING\\WebDev\\Big Project\\Incubyte-Task\\backend\\src\\routes\\auth.route.ts": {"path":"C:\\Users\\jeetg\\Desktop\\CODING\\WebDev\\Big Project\\Incubyte-Task\\backend\\src\\routes\\auth.route.ts","statementMap":{"0":{"start":{"line":1,"column":0},"end":{"line":1,"column":33}},"1":{"start":{"line":2,"column":0},"end":{"line":2,"column":65}},"2":{"start":{"line":4,"column":15},"end":{"line":4,"column":23}},"3":{"start":{"line":6,"column":0},"end":{"line":6,"column":35}},"4":{"start":{"line":7,"column":0},"end":{"line":7,"column":29}},"5":{"start":{"line":9,"column":0},"end":{"line":9,"column":22}}},"fnMap":{},"branchMap":{},"s":{"0":10,"1":10,"2":10,"3":10,"4":10,"5":10},"f":{},"b":{}}
,"C:\\Users\\jeetg\\Desktop\\CODING\\WebDev\\Big Project\\Incubyte-Task\\backend\\src\\routes\\index.ts": {"path":"C:\\Users\\jeetg\\Desktop\\CODING\\WebDev\\Big Project\\Incubyte-Task\\backend\\src\\routes\\index.ts","statementMap":{"0":{"start":{"line":1,"column":0},"end":{"line":1,"column":33}},"1":{"start":{"line":2,"column":0},"end":{"line":2,"column":38}},"2":{"start":{"line":3,"column":0},"end":{"line":3,"column":44}},"3":{"start":{"line":4,"column":0},"end":{"line":4,"column":46}},"4":{"start":{"line":6,"column":15},"end":{"line":6,"column":23}},"5":{"start":{"line":8,"column":0},"end":{"line":8,"column":32}},"6":{"start":{"line":9,"column":0},"end":{"line":9,"column":39}},"7":{"start":{"line":10,"column":0},"end":{"line":10,"column":41}},"8":{"start":{"line":12,"column":0},"end":{"line":12,"column":22}}},"fnMap":{},"branchMap":{},"s":{"0":10,"1":10,"2":10,"3":10,"4":10,"5":10,"6":10,"7":10,"8":10},"f":{},"b":{}}
,"C:\\Users\\jeetg\\Desktop\\CODING\\WebDev\\Big Project\\Incubyte-Task\\backend\\src\\routes\\purchase.route.ts": {"path":"C:\\Users\\jeetg\\Desktop\\CODING\\WebDev\\Big Project\\Incubyte-Task\\backend\\src\\routes\\purchase.route.ts","statementMap":{"0":{"start":{"line":1,"column":0},"end":{"line":1,"column":33}},"1":{"start":{"line":2,"column":0},"end":{"line":2,"column":70}},"2":{"start":{"line":3,"column":0},"end":{"line":3,"column":61}},"3":{"start":{"line":5,"column":15},"end":{"line":5,"column":23}},"4":{"start":{"line":7,"column":0},"end":{"line":7,"column":48}},"5":{"start":{"line":9,"column":0},"end":{"line":9,"column":22}}},"fnMap":{},"branchMap":{},"s":{"0":10,"1":10,"2":10,"3":10,"4":10,"5":10},"f":{},"b":{}}
,"C:\\Users\\jeetg\\Desktop\\CODING\\WebDev\\Big Project\\Incubyte-Task\\backend\\src\\routes\\vehicle.route.ts": {"path":"C:\\Users\\jeetg\\Desktop\\CODING\\WebDev\\Big Project\\Incubyte-Task\\backend\\src\\routes\\vehicle.route.ts","statementMap":{"0":{"start":{"line":1,"column":0},"end":{"line":1,"column":33}},"1":{"start":{"line":2,"column":0},"end":{"line":2,"column":null}},"2":{"start":{"line":12,"column":0},"end":{"line":12,"column":76}},"3":{"start":{"line":14,"column":15},"end":{"line":14,"column":23}},"4":{"start":{"line":16,"column":0},"end":{"line":16,"column":46}},"5":{"start":{"line":17,"column":0},"end":{"line":17,"column":52}},"6":{"start":{"line":18,"column":0},"end":{"line":18,"column":43}},"7":{"start":{"line":19,"column":0},"end":{"line":19,"column":49}},"8":{"start":{"line":20,"column":0},"end":{"line":20,"column":48}},"9":{"start":{"line":21,"column":0},"end":{"line":21,"column":75}},"10":{"start":{"line":22,"column":0},"end":{"line":22,"column":60}},"11":{"start":{"line":23,"column":0},"end":{"line":23,"column":82}},"12":{"start":{"line":25,"column":0},"end":{"line":25,"column":22}}},"fnMap":{},"branchMap":{},"s":{"0":10,"1":10,"2":10,"3":10,"4":10,"5":10,"6":10,"7":10,"8":10,"9":10,"10":10,"11":10,"12":10},"f":{},"b":{}}
,"C:\\Users\\jeetg\\Desktop\\CODING\\WebDev\\Big Project\\Incubyte-Task\\backend\\src\\services\\auth.service.ts": {"path":"C:\\Users\\jeetg\\Desktop\\CODING\\WebDev\\Big Project\\Incubyte-Task\\backend\\src\\services\\auth.service.ts","statementMap":{"0":{"start":{"line":1,"column":0},"end":{"line":1,"column":28}},"1":{"start":{"line":2,"column":0},"end":{"line":2,"column":31}},"2":{"start":{"line":3,"column":0},"end":{"line":3,"column":65}},"3":{"start":{"line":4,"column":0},"end":{"line":4,"column":45}},"4":{"start":{"line":7,"column":10},"end":{"line":7,"column":48}},"5":{"start":{"line":14,"column":25},"end":{"line":14,"column":69}},"6":{"start":{"line":16,"column":4},"end":{"line":18,"column":5}},"7":{"start":{"line":17,"column":6},"end":{"line":17,"column":54}},"8":{"start":{"line":20,"column":25},"end":{"line":20,"column":56}},"9":{"start":{"line":22,"column":17},"end":{"line":26,"column":6}},"10":{"start":{"line":28,"column":4},"end":{"line":28,"column":16}},"11":{"start":{"line":32,"column":17},"end":{"line":32,"column":61}},"12":{"start":{"line":34,"column":4},"end":{"line":36,"column":5}},"13":{"start":{"line":35,"column":6},"end":{"line":35,"column":59}},"14":{"start":{"line":38,"column":28},"end":{"line":38,"column":77}},"15":{"start":{"line":40,"column":4},"end":{"line":42,"column":5}},"16":{"start":{"line":41,"column":6},"end":{"line":41,"column":59}},"17":{"start":{"line":44,"column":19},"end":{"line":44,"column":61}},"18":{"start":{"line":45,"column":18},"end":{"line":48,"column":null}},"19":{"start":{"line":51,"column":4},"end":{"line":59,"column":6}},"20":{"start":{"line":6,"column":0},"end":{"line":6,"column":13}}},"fnMap":{"0":{"name":"(anonymous_8)","decl":{"start":{"line":6,"column":0},"end":{"line":6,"column":13}},"loc":{"start":{"line":6,"column":0},"end":{"line":61,"column":1}}},"1":{"name":"(anonymous_9)","decl":{"start":{"line":9,"column":8},"end":{"line":9,"column":16}},"loc":{"start":{"line":12,"column":20},"end":{"line":29,"column":null}}},"2":{"name":"(anonymous_11)","decl":{"start":{"line":31,"column":8},"end":{"line":31,"column":13}},"loc":{"start":{"line":31,"column":45},"end":{"line":60,"column":null}}}},"branchMap":{"0":{"loc":{"start":{"line":16,"column":4},"end":{"line":18,"column":5}},"type":"if","locations":[{"start":{"line":16,"column":4},"end":{"line":18,"column":5}},{"start":{},"end":{}}]},"1":{"loc":{"start":{"line":34,"column":4},"end":{"line":36,"column":5}},"type":"if","locations":[{"start":{"line":34,"column":4},"end":{"line":36,"column":5}},{"start":{},"end":{}}]},"2":{"loc":{"start":{"line":40,"column":4},"end":{"line":42,"column":5}},"type":"if","locations":[{"start":{"line":40,"column":4},"end":{"line":42,"column":5}},{"start":{},"end":{}}]},"3":{"loc":{"start":{"line":44,"column":19},"end":{"line":44,"column":61}},"type":"binary-expr","locations":[{"start":{"line":44,"column":19},"end":{"line":44,"column":41}},{"start":{"line":44,"column":45},"end":{"line":44,"column":61}}]}},"s":{"0":10,"1":10,"2":10,"3":10,"4":10,"5":7,"6":7,"7":1,"8":6,"9":6,"10":6,"11":3,"12":3,"13":1,"14":2,"15":2,"16":1,"17":1,"18":1,"19":1,"20":10},"f":{"0":10,"1":7,"2":3},"b":{"0":[1,6],"1":[1,2],"2":[1,1],"3":[1,0]}}
,"C:\\Users\\jeetg\\Desktop\\CODING\\WebDev\\Big Project\\Incubyte-Task\\backend\\src\\services\\purchase.service.ts": {"path":"C:\\Users\\jeetg\\Desktop\\CODING\\WebDev\\Big Project\\Incubyte-Task\\backend\\src\\services\\purchase.service.ts","statementMap":{"0":{"start":{"line":1,"column":0},"end":{"line":1,"column":73}},"1":{"start":{"line":4,"column":10},"end":{"line":4,"column":56}},"2":{"start":{"line":7,"column":4},"end":{"line":7,"column":56}},"3":{"start":{"line":3,"column":0},"end":{"line":3,"column":13}}},"fnMap":{"0":{"name":"(anonymous_7)","decl":{"start":{"line":3,"column":0},"end":{"line":3,"column":13}},"loc":{"start":{"line":3,"column":0},"end":{"line":9,"column":1}}},"1":{"name":"(anonymous_8)","decl":{"start":{"line":6,"column":8},"end":{"line":6,"column":24}},"loc":{"start":{"line":6,"column":39},"end":{"line":8,"column":null}}}},"branchMap":{},"s":{"0":10,"1":10,"2":2,"3":10},"f":{"0":10,"1":2},"b":{}}
,"C:\\Users\\jeetg\\Desktop\\CODING\\WebDev\\Big Project\\Incubyte-Task\\backend\\src\\services\\vehicle.service.ts": {"path":"C:\\Users\\jeetg\\Desktop\\CODING\\WebDev\\Big Project\\Incubyte-Task\\backend\\src\\services\\vehicle.service.ts","statementMap":{"0":{"start":{"line":1,"column":0},"end":{"line":1,"column":71}},"1":{"start":{"line":7,"column":0},"end":{"line":7,"column":45}},"2":{"start":{"line":10,"column":10},"end":{"line":10,"column":54}},"3":{"start":{"line":13,"column":21},"end":{"line":16,"column":null}},"4":{"start":{"line":19,"column":4},"end":{"line":24,"column":5}},"5":{"start":{"line":20,"column":6},"end":{"line":23,"column":8}},"6":{"start":{"line":26,"column":4},"end":{"line":29,"column":7}},"7":{"start":{"line":33,"column":4},"end":{"line":33,"column":44}},"8":{"start":{"line":37,"column":20},"end":{"line":37,"column":61}},"9":{"start":{"line":39,"column":4},"end":{"line":41,"column":5}},"10":{"start":{"line":40,"column":6},"end":{"line":40,"column":51}},"11":{"start":{"line":43,"column":4},"end":{"line":43,"column":19}},"12":{"start":{"line":47,"column":4},"end":{"line":47,"column":48}},"13":{"start":{"line":55,"column":21},"end":{"line":55,"column":62}},"14":{"start":{"line":57,"column":4},"end":{"line":59,"column":5}},"15":{"start":{"line":58,"column":6},"end":{"line":58,"column":51}},"16":{"start":{"line":61,"column":4},"end":{"line":66,"column":5}},"17":{"start":{"line":62,"column":6},"end":{"line":65,"column":8}},"18":{"start":{"line":68,"column":4},"end":{"line":68,"column":52}},"19":{"start":{"line":72,"column":21},"end":{"line":72,"column":62}},"20":{"start":{"line":74,"column":4},"end":{"line":76,"column":5}},"21":{"start":{"line":75,"column":6},"end":{"line":75,"column":51}},"22":{"start":{"line":78,"column":4},"end":{"line":78,"column":45}},"23":{"start":{"line":82,"column":21},"end":{"line":82,"column":69}},"24":{"start":{"line":84,"column":4},"end":{"line":86,"column":5}},"25":{"start":{"line":85,"column":6},"end":{"line":85,"column":51}},"26":{"start":{"line":88,"column":4},"end":{"line":90,"column":5}},"27":{"start":{"line":89,"column":6},"end":{"line":89,"column":52}},"28":{"start":{"line":92,"column":4},"end":{"line":92,"column":72}},"29":{"start":{"line":96,"column":21},"end":{"line":96,"column":69}},"30":{"start":{"line":98,"column":4},"end":{"line":100,"column":5}},"31":{"start":{"line":99,"column":6},"end":{"line":99,"column":51}},"32":{"start":{"line":102,"column":4},"end":{"line":102,"column":63}},"33":{"start":{"line":9,"column":0},"end":{"line":9,"column":13}}},"fnMap":{"0":{"name":"(anonymous_7)","decl":{"start":{"line":9,"column":0},"end":{"line":9,"column":13}},"loc":{"start":{"line":9,"column":0},"end":{"line":104,"column":1}}},"1":{"name":"(anonymous_8)","decl":{"start":{"line":12,"column":8},"end":{"line":12,"column":21}},"loc":{"start":{"line":12,"column":64},"end":{"line":30,"column":null}}},"2":{"name":"(anonymous_10)","decl":{"start":{"line":32,"column":8},"end":{"line":32,"column":19}},"loc":{"start":{"line":32,"column":19},"end":{"line":34,"column":null}}},"3":{"name":"(anonymous_12)","decl":{"start":{"line":36,"column":8},"end":{"line":36,"column":22}},"loc":{"start":{"line":36,"column":33},"end":{"line":44,"column":null}}},"4":{"name":"(anonymous_14)","decl":{"start":{"line":46,"column":8},"end":{"line":46,"column":22}},"loc":{"start":{"line":46,"column":48},"end":{"line":48,"column":null}}},"5":{"name":"(anonymous_16)","decl":{"start":{"line":50,"column":8},"end":{"line":50,"column":21}},"loc":{"start":{"line":53,"column":49},"end":{"line":69,"column":null}}},"6":{"name":"(anonymous_18)","decl":{"start":{"line":71,"column":8},"end":{"line":71,"column":21}},"loc":{"start":{"line":71,"column":32},"end":{"line":79,"column":null}}},"7":{"name":"(anonymous_20)","decl":{"start":{"line":81,"column":8},"end":{"line":81,"column":23}},"loc":{"start":{"line":81,"column":75},"end":{"line":93,"column":null}}},"8":{"name":"(anonymous_22)","decl":{"start":{"line":95,"column":8},"end":{"line":95,"column":22}},"loc":{"start":{"line":95,"column":58},"end":{"line":103,"column":null}}}},"branchMap":{"0":{"loc":{"start":{"line":19,"column":4},"end":{"line":24,"column":5}},"type":"if","locations":[{"start":{"line":19,"column":4},"end":{"line":24,"column":5}},{"start":{},"end":{}}]},"1":{"loc":{"start":{"line":39,"column":4},"end":{"line":41,"column":5}},"type":"if","locations":[{"start":{"line":39,"column":4},"end":{"line":41,"column":5}},{"start":{},"end":{}}]},"2":{"loc":{"start":{"line":57,"column":4},"end":{"line":59,"column":5}},"type":"if","locations":[{"start":{"line":57,"column":4},"end":{"line":59,"column":5}},{"start":{},"end":{}}]},"3":{"loc":{"start":{"line":61,"column":4},"end":{"line":66,"column":5}},"type":"if","locations":[{"start":{"line":61,"column":4},"end":{"line":66,"column":5}},{"start":{},"end":{}}]},"4":{"loc":{"start":{"line":61,"column":8},"end":{"line":61,"column":73}},"type":"binary-expr","locations":[{"start":{"line":61,"column":8},"end":{"line":61,"column":12}},{"start":{"line":61,"column":16},"end":{"line":61,"column":37}},{"start":{"line":61,"column":41},"end":{"line":61,"column":73}}]},"5":{"loc":{"start":{"line":74,"column":4},"end":{"line":76,"column":5}},"type":"if","locations":[{"start":{"line":74,"column":4},"end":{"line":76,"column":5}},{"start":{},"end":{}}]},"6":{"loc":{"start":{"line":84,"column":4},"end":{"line":86,"column":5}},"type":"if","locations":[{"start":{"line":84,"column":4},"end":{"line":86,"column":5}},{"start":{},"end":{}}]},"7":{"loc":{"start":{"line":88,"column":4},"end":{"line":90,"column":5}},"type":"if","locations":[{"start":{"line":88,"column":4},"end":{"line":90,"column":5}},{"start":{},"end":{}}]},"8":{"loc":{"start":{"line":98,"column":4},"end":{"line":100,"column":5}},"type":"if","locations":[{"start":{"line":98,"column":4},"end":{"line":100,"column":5}},{"start":{},"end":{}}]}},"s":{"0":10,"1":10,"2":10,"3":3,"4":3,"5":1,"6":2,"7":2,"8":2,"9":2,"10":1,"11":1,"12":5,"13":4,"14":4,"15":1,"16":3,"17":1,"18":2,"19":2,"20":2,"21":1,"22":1,"23":3,"24":3,"25":1,"26":2,"27":1,"28":1,"29":1,"30":1,"31":0,"32":1,"33":10},"f":{"0":10,"1":3,"2":2,"3":2,"4":5,"5":4,"6":2,"7":3,"8":1},"b":{"0":[1,2],"1":[1,1],"2":[1,3],"3":[1,2],"4":[3,3,2],"5":[1,1],"6":[1,2],"7":[1,1],"8":[0,1]}}
,"C:\\Users\\jeetg\\Desktop\\CODING\\WebDev\\Big Project\\Incubyte-Task\\backend\\src\\utils\\ApiError.ts": {"path":"C:\\Users\\jeetg\\Desktop\\CODING\\WebDev\\Big Project\\Incubyte-Task\\backend\\src\\utils\\ApiError.ts","statementMap":{"0":{"start":{"line":13,"column":4},"end":{"line":13,"column":19}},"1":{"start":{"line":15,"column":4},"end":{"line":15,"column":33}},"2":{"start":{"line":16,"column":4},"end":{"line":16,"column":21}},"3":{"start":{"line":17,"column":4},"end":{"line":17,"column":25}},"4":{"start":{"line":18,"column":4},"end":{"line":18,"column":25}},"5":{"start":{"line":20,"column":4},"end":{"line":26,"column":5}},"6":{"start":{"line":21,"column":6},"end":{"line":21,"column":25}},"7":{"start":{"line":23,"column":6},"end":{"line":25,"column":53}},"8":{"start":{"line":1,"column":0},"end":{"line":1,"column":13}}},"fnMap":{"0":{"name":"(anonymous_0)","decl":{"start":{"line":7,"column":2},"end":{"line":7,"column":null}},"loc":{"start":{"line":11,"column":22},"end":{"line":27,"column":3}}}},"branchMap":{"0":{"loc":{"start":{"line":8,"column":6},"end":{"line":8,"column":46}},"type":"default-arg","locations":[{"start":{"line":8,"column":24},"end":{"line":8,"column":46}}]},"1":{"loc":{"start":{"line":10,"column":4},"end":{"line":10,"column":25}},"type":"default-arg","locations":[{"start":{"line":10,"column":23},"end":{"line":10,"column":25}}]},"2":{"loc":{"start":{"line":11,"column":4},"end":{"line":11,"column":22}},"type":"default-arg","locations":[{"start":{"line":11,"column":20},"end":{"line":11,"column":22}}]},"3":{"loc":{"start":{"line":20,"column":4},"end":{"line":26,"column":5}},"type":"if","locations":[{"start":{"line":20,"column":4},"end":{"line":26,"column":5}},{"start":{"line":22,"column":11},"end":{"line":26,"column":5}}]},"4":{"loc":{"start":{"line":23,"column":6},"end":{"line":25,"column":52}},"type":"cond-expr","locations":[{"start":{"line":25,"column":26},"end":{"line":25,"column":29}},{"start":{"line":25,"column":26},"end":{"line":25,"column":52}}]},"5":{"loc":{"start":{"line":23,"column":6},"end":{"line":25,"column":29}},"type":"binary-expr","locations":[{"start":{"line":23,"column":6},"end":{"line":25,"column":29}},{"start":{"line":25,"column":26},"end":{"line":25,"column":29}}]}},"s":{"0":26,"1":26,"2":26,"3":26,"4":26,"5":26,"6":0,"7":26,"8":11},"f":{"0":26},"b":{"0":[0],"1":[26],"2":[26],"3":[0,26],"4":[0,26],"5":[26,26]}}
,"C:\\Users\\jeetg\\Desktop\\CODING\\WebDev\\Big Project\\Incubyte-Task\\backend\\src\\validators\\auth.validator.ts": {"path":"C:\\Users\\jeetg\\Desktop\\CODING\\WebDev\\Big Project\\Incubyte-Task\\backend\\src\\validators\\auth.validator.ts","statementMap":{"0":{"start":{"line":1,"column":0},"end":{"line":1,"column":24}},"1":{"start":{"line":3,"column":13},"end":{"line":12,"column":3}},"2":{"start":{"line":14,"column":13},"end":{"line":17,"column":3}}},"fnMap":{},"branchMap":{},"s":{"0":10,"1":10,"2":10},"f":{},"b":{}}
,"C:\\Users\\jeetg\\Desktop\\CODING\\WebDev\\Big Project\\Incubyte-Task\\backend\\src\\validators\\vehicle.validator.ts": {"path":"C:\\Users\\jeetg\\Desktop\\CODING\\WebDev\\Big Project\\Incubyte-Task\\backend\\src\\validators\\vehicle.validator.ts","statementMap":{"0":{"start":{"line":1,"column":0},"end":{"line":1,"column":24}},"1":{"start":{"line":3,"column":13},"end":{"line":10,"column":3}},"2":{"start":{"line":12,"column":13},"end":{"line":19,"column":3}},"3":{"start":{"line":21,"column":13},"end":{"line":27,"column":3}},"4":{"start":{"line":29,"column":13},"end":{"line":31,"column":3}},"5":{"start":{"line":33,"column":13},"end":{"line":35,"column":3}}},"fnMap":{},"branchMap":{},"s":{"0":10,"1":10,"2":10,"3":10,"4":10,"5":10},"f":{},"b":{}}
}
