TN:
SF:src\app.ts
FN:15,(anonymous_1)
FNF:1
FNH:0
FNDA:0,(anonymous_1)
DA:1,5
DA:2,5
DA:3,5
DA:4,5
DA:5,5
DA:6,5
DA:8,5
DA:10,5
DA:11,5
DA:12,5
DA:13,5
DA:15,5
DA:16,0
DA:22,5
DA:24,5
DA:26,5
LF:16
LH:15
BRF:0
BRH:0
end_of_record
TN:
SF:src\prisma.ts
FNF:0
FNH:0
DA:1,5
DA:2,5
DA:3,5
DA:4,5
DA:6,5
DA:8,5
DA:10,5
DA:14,5
DA:16,5
DA:20,5
LF:10
LH:10
BRF:0
BRH:0
end_of_record
TN:
SF:src\controllers\auth.controller.ts
FN:7,(anonymous_7)
FN:11,(anonymous_8)
FN:30,(anonymous_9)
FN:34,(anonymous_10)
FNF:4
FNH:4
FNDA:10,(anonymous_7)
FNDA:10,(anonymous_8)
FNDA:4,(anonymous_9)
FNDA:4,(anonymous_10)
DA:2,5
DA:3,5
DA:5,5
DA:7,5
DA:11,10
DA:12,10
DA:13,10
DA:15,7
DA:21,6
DA:26,4
DA:30,5
DA:34,4
DA:35,4
DA:36,4
DA:38,3
DA:40,1
DA:46,3
LF:17
LH:17
BRF:0
BRH:0
end_of_record
TN:
SF:src\controllers\vehicle.controller.ts
FN:7,(anonymous_7)
FN:11,(anonymous_8)
FN:27,(anonymous_9)
FN:31,(anonymous_10)
FNF:4
FNH:4
FNDA:3,(anonymous_7)
FNDA:3,(anonymous_8)
FNDA:2,(anonymous_9)
FNDA:2,(anonymous_10)
DA:2,5
DA:3,5
DA:5,5
DA:7,5
DA:11,3
DA:12,3
DA:13,3
DA:15,2
DA:17,1
DA:23,2
DA:27,5
DA:31,2
DA:32,2
DA:33,2
DA:35,2
DA:41,0
LF:16
LH:15
BRF:0
BRH:0
end_of_record
TN:
SF:src\middleware\auth.middleware.ts
FN:20,(anonymous_8)
FN:24,(anonymous_9)
FN:55,(anonymous_10)
FN:56,(anonymous_11)
FNF:4
FNH:4
FNDA:13,(anonymous_8)
FNDA:13,(anonymous_9)
FNDA:8,(anonymous_10)
FNDA:7,(anonymous_11)
DA:2,6
DA:3,6
DA:4,6
DA:20,6
DA:24,13
DA:25,13
DA:27,13
DA:28,3
DA:33,10
DA:35,10
DA:36,10
DA:37,10
DA:39,8
DA:44,8
DA:45,1
DA:48,7
DA:49,7
DA:51,2
DA:55,6
DA:56,8
DA:57,7
DA:58,1
DA:61,6
DA:62,2
DA:65,4
LF:25
LH:25
BRDA:27,0,0,3
BRDA:27,0,1,10
BRDA:27,1,0,13
BRDA:27,1,1,10
BRDA:36,2,0,10
BRDA:36,2,1,0
BRDA:44,3,0,1
BRDA:44,3,1,7
BRDA:57,4,0,1
BRDA:57,4,1,6
BRDA:61,5,0,2
BRDA:61,5,1,4
BRF:12
BRH:11
end_of_record
TN:
SF:src\middleware\error.middleware.ts
FN:5,(anonymous_0)
FN:21,(anonymous_1)
FNF:2
FNH:2
FNDA:12,(anonymous_0)
FNDA:9,(anonymous_1)
DA:2,5
DA:3,5
DA:5,5
DA:12,12
DA:13,7
DA:20,5
DA:21,9
DA:22,5
DA:29,0
DA:30,0
LF:10
LH:8
BRDA:12,0,0,7
BRDA:12,0,1,5
BRDA:16,1,0,0
BRDA:16,1,1,7
BRDA:20,2,0,5
BRDA:20,2,1,0
BRDA:24,3,0,5
BRDA:24,3,1,0
BRDA:32,4,0,0
BRDA:32,4,1,0
BRF:10
BRH:5
end_of_record
TN:
SF:src\repositories\user.repository.ts
FN:4,(anonymous_8)
FN:10,(anonymous_10)
FNF:2
FNH:2
FNDA:10,(anonymous_8)
FNDA:6,(anonymous_10)
DA:1,5
DA:3,5
DA:5,10
DA:15,6
LF:4
LH:4
BRF:0
BRH:0
end_of_record
TN:
SF:src\repositories\vehicle.repository.ts
FN:4,(anonymous_8)
FN:20,(anonymous_10)
FN:28,(anonymous_12)
FNF:3
FNH:3
FNDA:2,(anonymous_8)
FNDA:2,(anonymous_10)
FNDA:1,(anonymous_12)
DA:1,5
DA:3,5
DA:9,2
DA:21,2
DA:36,1
LF:5
LH:5
BRF:0
BRH:0
end_of_record
TN:
SF:src\routes\auth.route.ts
FNF:0
FNH:0
DA:1,5
DA:2,5
DA:4,5
DA:6,5
DA:7,5
DA:9,5
LF:6
LH:6
BRF:0
BRH:0
end_of_record
TN:
SF:src\routes\index.ts
FNF:0
FNH:0
DA:1,5
DA:2,5
DA:3,5
DA:5,5
DA:7,5
DA:8,5
DA:10,5
LF:7
LH:7
BRF:0
BRH:0
end_of_record
TN:
SF:src\routes\vehicle.route.ts
FNF:0
FNH:0
DA:1,5
DA:2,5
DA:3,5
DA:5,5
DA:7,5
DA:8,5
DA:10,5
LF:7
LH:7
BRF:0
BRH:0
end_of_record
TN:
SF:src\services\auth.service.ts
FN:6,(anonymous_8)
FN:9,(anonymous_9)
FN:31,(anonymous_11)
FNF:3
FNH:3
FNDA:5,(anonymous_8)
FNDA:7,(anonymous_9)
FNDA:3,(anonymous_11)
DA:1,5
DA:2,5
DA:3,5
DA:4,5
DA:6,5
DA:7,5
DA:14,7
DA:16,7
DA:17,1
DA:20,6
DA:22,6
DA:28,6
DA:32,3
DA:34,3
DA:35,1
DA:38,2
DA:40,2
DA:41,1
DA:44,1
DA:45,1
DA:51,1
LF:21
LH:21
BRDA:16,0,0,1
BRDA:16,0,1,6
BRDA:34,1,0,1
BRDA:34,1,1,2
BRDA:40,2,0,1
BRDA:40,2,1,1
BRDA:44,3,0,1
BRDA:44,3,1,0
BRF:8
BRH:7
end_of_record
TN:
SF:src\services\vehicle.service.ts
FN:5,(anonymous_7)
FN:8,(anonymous_8)
FN:25,(anonymous_10)
FNF:3
FNH:3
FNDA:5,(anonymous_7)
FNDA:2,(anonymous_8)
FNDA:2,(anonymous_10)
DA:1,5
DA:3,5
DA:5,5
DA:6,5
DA:9,2
DA:15,2
DA:16,1
DA:22,1
DA:26,2
LF:9
LH:9
BRDA:15,0,0,1
BRDA:15,0,1,1
BRF:2
BRH:2
end_of_record
TN:
SF:src\utils\ApiError.ts
FN:7,(anonymous_0)
FNF:1
FNH:1
FNDA:13,(anonymous_0)
DA:1,6
DA:13,13
DA:15,13
DA:16,13
DA:17,13
DA:18,13
DA:20,13
DA:21,0
DA:23,13
LF:9
LH:8
BRDA:8,0,0,0
BRDA:10,1,0,13
BRDA:11,2,0,13
BRDA:20,3,0,0
BRDA:20,3,1,13
BRDA:23,4,0,0
BRDA:23,4,1,13
BRDA:23,5,0,13
BRDA:23,5,1,13
BRF:9
BRH:6
end_of_record
TN:
SF:src\validators\auth.validator.ts
FNF:0
FNH:0
DA:1,5
DA:3,5
DA:14,5
LF:3
LH:3
BRF:0
BRH:0
end_of_record
TN:
SF:src\validators\vehicle.validator.ts
FNF:0
FNH:0
DA:1,5
DA:3,5
LF:2
LH:2
BRF:0
BRH:0
end_of_record
