TN:
SF:src\app.ts
FN:15,(anonymous_1)
FNF:1
FNH:0
FNDA:0,(anonymous_1)
DA:1,3
DA:2,3
DA:3,3
DA:4,3
DA:5,3
DA:6,3
DA:8,3
DA:10,3
DA:11,3
DA:12,3
DA:13,3
DA:15,3
DA:16,0
DA:22,3
DA:24,3
DA:26,3
LF:16
LH:15
BRF:0
BRH:0
end_of_record
TN:
SF:src\prisma.ts
FNF:0
FNH:0
DA:1,3
DA:2,3
DA:3,3
DA:4,3
DA:6,3
DA:8,3
DA:10,3
DA:14,3
DA:16,3
DA:20,3
LF:10
LH:10
BRF:0
BRH:0
end_of_record
TN:
SF:src\controllers\auth.controller.ts
FN:7,(anonymous_7)
FN:11,(anonymous_8)
FN:30,(anonymous_9)
FN:34,(anonymous_10)
FNF:4
FNH:4
FNDA:10,(anonymous_7)
FNDA:10,(anonymous_8)
FNDA:4,(anonymous_9)
FNDA:4,(anonymous_10)
DA:2,3
DA:3,3
DA:5,3
DA:7,3
DA:11,10
DA:12,10
DA:13,10
DA:15,7
DA:21,6
DA:26,4
DA:30,3
DA:34,4
DA:35,4
DA:36,4
DA:38,3
DA:40,1
DA:46,3
LF:17
LH:17
BRF:0
BRH:0
end_of_record
TN:
SF:src\middleware\auth.middleware.ts
FN:20,(anonymous_8)
FN:24,(anonymous_9)
FN:55,(anonymous_10)
FN:56,(anonymous_11)
FNF:4
FNH:4
FNDA:5,(anonymous_8)
FNDA:5,(anonymous_9)
FNDA:3,(anonymous_10)
FNDA:3,(anonymous_11)
DA:2,1
DA:3,1
DA:4,1
DA:20,1
DA:24,5
DA:25,5
DA:27,5
DA:28,1
DA:33,4
DA:35,4
DA:36,4
DA:37,4
DA:39,2
DA:44,2
DA:45,1
DA:48,1
DA:49,1
DA:51,2
DA:55,1
DA:56,3
DA:57,3
DA:58,1
DA:61,2
DA:62,1
DA:65,1
LF:25
LH:25
BRDA:27,0,0,1
BRDA:27,0,1,4
BRDA:27,1,0,5
BRDA:27,1,1,4
BRDA:36,2,0,4
BRDA:36,2,1,0
BRDA:44,3,0,1
BRDA:44,3,1,1
BRDA:57,4,0,1
BRDA:57,4,1,2
BRDA:61,5,0,1
BRDA:61,5,1,1
BRF:12
BRH:11
end_of_record
TN:
SF:src\middleware\error.middleware.ts
FN:5,(anonymous_0)
FN:21,(anonymous_1)
FNF:2
FNH:2
FNDA:7,(anonymous_0)
FNDA:6,(anonymous_1)
DA:2,3
DA:3,3
DA:5,3
DA:12,7
DA:13,3
DA:20,4
DA:21,6
DA:22,4
DA:29,0
DA:30,0
LF:10
LH:8
BRDA:12,0,0,3
BRDA:12,0,1,4
BRDA:16,1,0,0
BRDA:16,1,1,3
BRDA:20,2,0,4
BRDA:20,2,1,0
BRDA:24,3,0,4
BRDA:24,3,1,0
BRDA:32,4,0,0
BRDA:32,4,1,0
BRF:10
BRH:5
end_of_record
TN:
SF:src\repositories\user.repository.ts
FN:4,(anonymous_8)
FN:10,(anonymous_10)
FNF:2
FNH:2
FNDA:10,(anonymous_8)
FNDA:6,(anonymous_10)
DA:1,3
DA:3,3
DA:5,10
DA:15,6
LF:4
LH:4
BRF:0
BRH:0
end_of_record
TN:
SF:src\routes\auth.route.ts
FNF:0
FNH:0
DA:1,3
DA:2,3
DA:4,3
DA:6,3
DA:7,3
DA:9,3
LF:6
LH:6
BRF:0
BRH:0
end_of_record
TN:
SF:src\routes\index.ts
FNF:0
FNH:0
DA:1,3
DA:2,3
DA:4,3
DA:6,3
DA:8,3
LF:5
LH:5
BRF:0
BRH:0
end_of_record
TN:
SF:src\services\auth.service.ts
FN:6,(anonymous_8)
FN:9,(anonymous_9)
FN:31,(anonymous_11)
FNF:3
FNH:3
FNDA:3,(anonymous_8)
FNDA:7,(anonymous_9)
FNDA:3,(anonymous_11)
DA:1,3
DA:2,3
DA:3,3
DA:4,3
DA:6,3
DA:7,3
DA:14,7
DA:16,7
DA:17,1
DA:20,6
DA:22,6
DA:28,6
DA:32,3
DA:34,3
DA:35,1
DA:38,2
DA:40,2
DA:41,1
DA:44,1
DA:45,1
DA:51,1
LF:21
LH:21
BRDA:16,0,0,1
BRDA:16,0,1,6
BRDA:34,1,0,1
BRDA:34,1,1,2
BRDA:40,2,0,1
BRDA:40,2,1,1
BRDA:44,3,0,1
BRDA:44,3,1,0
BRF:8
BRH:7
end_of_record
TN:
SF:src\utils\ApiError.ts
FN:7,(anonymous_0)
FNF:1
FNH:1
FNDA:9,(anonymous_0)
DA:1,4
DA:13,9
DA:15,9
DA:16,9
DA:17,9
DA:18,9
DA:20,9
DA:21,0
DA:23,9
LF:9
LH:8
BRDA:8,0,0,0
BRDA:10,1,0,9
BRDA:11,2,0,9
BRDA:20,3,0,0
BRDA:20,3,1,9
BRDA:23,4,0,0
BRDA:23,4,1,9
BRDA:23,5,0,9
BRDA:23,5,1,9
BRF:9
BRH:6
end_of_record
TN:
SF:src\validators\auth.validator.ts
FNF:0
FNH:0
DA:1,3
DA:3,3
DA:14,3
LF:3
LH:3
BRF:0
BRH:0
end_of_record
